
> vite-react-typescript-starter@0.0.0 typecheck
> tsc --noEmit -p tsconfig.app.json

src/services/recipesApi.ts(75,22): error TS6133: 'result' is declared but its value is never read.
src/services/recipesApi.ts(75,30): error TS6133: 'error' is declared but its value is never read.
src/services/recipesApi.ts(91,25): error TS6133: 'result' is declared but its value is never read.
src/services/recipesApi.ts(91,33): error TS6133: 'error' is declared but its value is never read.
